30
50 44 336 378
   0       0      0    -1   -1    4   -1    1   -1   -1   -1
   1      50      0     0   -1    5    6    2   -1   -1   -1
   2     100      0     1    5    6    7    3   -1   -1   -1
   3     150      0     2    6    7   -1   -1   -1   -1   -1
   4       0     44    -1   -1    8    9    5   -1    0   -1
   5      50     44     4    8    9   -1    6    2    1   -1
   6     100     44     5   -1   10   11    7    3    2    1
   7     150     44     6   10   11   -1   -1   -1    3    2
   8       0     88    -1   -1   -1   -1    9    5    4   -1
   9      50     88     8   -1   -1   -1   -1   -1    5    4
  10     100     88    -1   -1   13   -1   11    7    6   -1
  11     150     88    10   13   14   15   12   -1    7    6
  12     200     88    11   14   15   -1   -1   -1   -1   -1
  13     100    132    -1   -1   16   17   14   11   10   -1
  14     150    132    13   16   17   18   15   12   11   -1
  15     200    132    14   17   18   -1   -1   -1   12   11
  16     100    176    -1   -1   21   22   17   14   13   -1
  17     150    176    16   21   22   -1   18   15   14   13
  18     200    176    17   -1   -1   -1   19   -1   15   14
  19     250    176    18   -1   -1   -1   20   -1   -1   -1
  20     300    176    19   -1   -1   -1   -1   -1   -1   -1
  21     100    220    -1   -1   23   24   22   17   16   -1
  22     150    220    21   23   24   -1   -1   -1   17   16
  23     100    264    -1   -1   -1   -1   24   22   21   -1
  24     150    264    23   -1   26   27   25   -1   22   21
  25     200    264    24   26   27   -1   -1   -1   -1   -1
  26     150    308    -1   -1   28   29   27   25   24   -1
  27     200    308    26   28   29   -1   -1   -1   25   24
  28     150    352    -1   -1   -1   -1   29   27   26   -1
  29     200    352    28   -1   -1   -1   -1   -1   27   26

