18
25 25 112 125
   0      -7     -1    -1   -1   -1    2    1   -1   -1   -1
   1      18     -1     0   -1    2    3   -1   -1   -1   -1
   2      18     24    -1   -1    4    5    3   -1    1    0
   3      43     24     2    4    5    6   -1   -1   -1    1
   4      18     49    -1    8    9   10    5    3    2   -1
   5      43     49     4    9   10   11    6   -1    3    2
   6      68     49     5   10   11   12    7   -1   -1    3
   7      93     49     6   11   12   -1   -1   -1   -1   -1
   8      -7     74    -1   -1   13   14    9    4   -1   -1
   9      18     74     8   13   14   15   10    5    4   -1
  10      43     74     9   14   15   16   11    6    5    4
  11      68     74    10   15   16   17   12    7    6    5
  12      93     74    11   16   17   -1   -1   -1    7    6
  13      -7     99    -1   -1   -1   -1   14    9    8   -1
  14      18     99    13   -1   -1   -1   15   10    9    8
  15      43     99    14   -1   -1   -1   16   11   10    9
  16      68     99    15   -1   -1   -1   17   12   11   10
  17      93     99    16   -1   -1   -1   -1   -1   12   11
